Arguments: 
  /usr/local/bin/node /snap/node/7392/bin/yarn.js

PATH: 
  /usr/local/sbin:/usr/local/bin:/usr/sbin:/usr/bin:/sbin:/bin:/usr/games:/usr/local/games:/snap/bin:/snap/bin:/home/esper/.foundry/bin

Yarn version: 
  1.22.19

Node version: 
  18.15.0

Platform: 
  linux x64

Trace: 
  Error: https://registry.yarnpkg.com/@mageswap%2fv3-core: Not found
      at params.callback [as _callback] (/snap/node/7392/lib/cli.js:66145:18)
      at self.callback (/snap/node/7392/lib/cli.js:140890:22)
      at Request.emit (node:events:513:28)
      at Request.<anonymous> (/snap/node/7392/lib/cli.js:141862:10)
      at Request.emit (node:events:513:28)
      at IncomingMessage.<anonymous> (/snap/node/7392/lib/cli.js:141784:12)
      at Object.onceWrapper (node:events:627:28)
      at IncomingMessage.emit (node:events:525:35)
      at endReadableNT (node:internal/streams/readable:1359:12)
      at process.processTicksAndRejections (node:internal/process/task_queues:82:21)

npm manifest: 
  {
    "name": "@mageswap/v3-staker",
    "description": "Canonical liquidity mining contract for Uniswap V3",
    "license": "GPL-3.0-or-later",
    "version": "1.0.2",
    "homepage": "https://uniswap.org",
    "keywords": [
      "uniswap",
      "liquidity mining",
      "v3"
    ],
    "repository": {
      "type": "git",
      "url": "https://github.com/Uniswap/uniswap-v3-staker"
    },
    "files": [
      "contracts",
      "!contracts/test",
      "artifacts/contracts/**/*.json",
      "!artifacts/contracts/**/*.dbg.json",
      "!artifacts/contracts/test/**/*",
      "!artifacts/contracts/base/**/*"
    ],
    "engines": {
      "node": ">=10"
    },
    "dependencies": {
      "@openzeppelin/contracts": "3.4.1-solc-0.7-2",
      "@mageswap/v3-core": "1.0.0",
      "@mageswap/v3-periphery": "^1.0.1"
    },
    "devDependencies": {
      "@nomiclabs/hardhat-ethers": "^2.0.2",
      "@nomiclabs/hardhat-etherscan": "^2.1.8",
      "@nomiclabs/hardhat-waffle": "^2.0.1",
      "@typechain/ethers-v5": "^7.0.0",
      "@typechain/hardhat": "^2.0.1",
      "@types/chai": "^4.2.6",
      "@types/console-log-level": "^1.4.0",
      "@types/lodash": "^4.14.170",
      "@types/mocha": "^5.2.7",
      "@typescript-eslint/eslint-plugin": "^4.26.0",
      "@typescript-eslint/parser": "^4.26.0",
      "chai": "^4.2.0",
      "console-log-level": "^1.4.1",
      "eslint": "^7.28.0",
      "eslint-config-prettier": "^8.3.0",
      "eslint-plugin-unused-imports": "^1.1.1",
      "ethereum-waffle": "^3.0.2",
      "ethers": "^5.0.8",
      "hardhat": "^2.2.0",
      "hardhat-contract-sizer": "^2.0.3",
      "lodash": "^4.17.21",
      "mocha-chai-jest-snapshot": "^1.1.0",
      "prettier": "^2.2.1",
      "prettier-check": "^2.0.0",
      "prettier-plugin-solidity": "^1.0.0-beta.10",
      "solhint": "^3.2.1",
      "solhint-plugin-prettier": "^0.0.5",
      "solidity-coverage": "^0.7.16",
      "ts-node": "^8.5.4",
      "typechain": "^5.0.0",
      "typescript": "^4.3.2"
    },
    "scripts": {
      "compile": "hardhat compile",
      "lint": "eslint . --ext .ts",
      "prettier:check": "prettier-check contracts/**/*.sol test/**/*.ts types/*.ts",
      "size-contracts": "hardhat compile && hardhat size-contracts",
      "test": "hardhat test",
      "clear-cache": "rm -rf artifacts/ cache/ typechain/",
      "coverage": "RUN_COVERAGE=1 hardhat coverage"
    }
  }

yarn manifest: 
  No manifest

Lockfile: 
  No lockfile
